2021-06-06 10:14:52,993--自动化推送报表--INFO--开始任务<function Data_deal.data_extract at 0x000000000B4459D8> , 开始时间为2021-06-06 10:06:52
2021-06-06 10:15:26,356--自动化推送报表--INFO--结束任务<function Data_deal.data_extract at 0x000000000B4459D8> , 结束时间为2021-06-06 10:06:26 , 执行时长为34.000000 s
2021-06-06 10:15:26,356--自动化推送报表--INFO--开始任务<function Data_deal.data_handle at 0x000000000B44E708> , 开始时间为2021-06-06 10:06:26
2021-06-06 10:16:25,871--自动化推送报表--INFO--结束任务<function Data_deal.data_handle at 0x000000000B44E708> , 结束时间为2021-06-06 10:06:25 , 执行时长为59.000000 s
2021-06-06 10:16:25,872--自动化推送报表--INFO--开始任务<function Format_Adjust.fmt_adjust at 0x000000000B4598B8> , 开始时间为2021-06-06 10:06:25
2021-06-06 10:16:25,955--自动化推送报表--INFO--结束任务<function Format_Adjust.fmt_adjust at 0x000000000B4598B8> , 结束时间为2021-06-06 10:06:25 , 执行时长为0.000000 s
2021-06-06 10:16:25,955--自动化推送报表--INFO--开始任务<function Cut_Excel.save_png at 0x000000000B61BAF8> , 开始时间为2021-06-06 10:06:25
2021-06-06 10:16:29,468--自动化推送报表--INFO--结束任务<function Cut_Excel.save_png at 0x000000000B61BAF8> , 结束时间为2021-06-06 10:06:29 , 执行时长为4.000000 s
2021-06-06 10:16:29,468--自动化推送报表--INFO--开始任务<function Send_Mail.Sendmail at 0x000000000B862288> , 开始时间为2021-06-06 10:06:29
2021-06-06 10:16:30,284--自动化推送报表--INFO--结束任务<function Send_Mail.Sendmail at 0x000000000B862288> , 结束时间为2021-06-06 10:06:30 , 执行时长为1.000000 s
2021-06-06 12:21:39,243--自动化推送报表--INFO--开始任务<function Data_deal.data_extract at 0x000000000B4469D8> , 开始时间为2021-06-06 12:06:39
2021-06-06 12:21:58,782--自动化推送报表--INFO--结束任务<function Data_deal.data_extract at 0x000000000B4469D8> , 结束时间为2021-06-06 12:06:58 , 执行时长为19.000000 s
2021-06-06 12:21:58,782--自动化推送报表--INFO--开始任务<function Data_deal.data_handle at 0x000000000B44E708> , 开始时间为2021-06-06 12:06:58
2021-06-06 12:23:02,488--自动化推送报表--INFO--结束任务<function Data_deal.data_handle at 0x000000000B44E708> , 结束时间为2021-06-06 12:06:02 , 执行时长为64.000000 s
2021-06-06 12:23:02,488--自动化推送报表--INFO--开始任务<function Format_Adjust.fmt_adjust at 0x000000000B4598B8> , 开始时间为2021-06-06 12:06:02
2021-06-06 12:23:02,607--自动化推送报表--INFO--结束任务<function Format_Adjust.fmt_adjust at 0x000000000B4598B8> , 结束时间为2021-06-06 12:06:02 , 执行时长为0.000000 s
2021-06-06 12:23:02,608--自动化推送报表--INFO--开始任务<function Cut_Excel.save_png at 0x000000000B61BAF8> , 开始时间为2021-06-06 12:06:02
2021-06-06 12:23:04,907--自动化推送报表--INFO--结束任务<function Cut_Excel.save_png at 0x000000000B61BAF8> , 结束时间为2021-06-06 12:06:04 , 执行时长为2.000000 s
2021-06-06 12:23:04,908--自动化推送报表--INFO--开始任务<function Send_Mail.Sendmail at 0x000000000B862288> , 开始时间为2021-06-06 12:06:04
2021-06-06 12:23:05,592--自动化推送报表--INFO--结束任务<function Send_Mail.Sendmail at 0x000000000B862288> , 结束时间为2021-06-06 12:06:05 , 执行时长为1.000000 s
2021-06-06 21:39:24,991--自动化推送报表--INFO--开始任务<function Data_deal.data_extract at 0x000000000B4469D8> , 开始时间为2021-06-06 21:06:24
2021-06-06 21:39:43,540--自动化推送报表--INFO--结束任务<function Data_deal.data_extract at 0x000000000B4469D8> , 结束时间为2021-06-06 21:06:43 , 执行时长为19.000000 s
2021-06-06 21:39:43,542--自动化推送报表--INFO--开始任务<function Data_deal.data_handle at 0x000000000B44E708> , 开始时间为2021-06-06 21:06:43
2021-06-06 21:40:39,371--自动化推送报表--INFO--结束任务<function Data_deal.data_handle at 0x000000000B44E708> , 结束时间为2021-06-06 21:06:39 , 执行时长为56.000000 s
2021-06-06 21:40:39,371--自动化推送报表--INFO--开始任务<function Format_Adjust.fmt_adjust at 0x000000000B4598B8> , 开始时间为2021-06-06 21:06:39
2021-06-06 21:40:39,489--自动化推送报表--INFO--结束任务<function Format_Adjust.fmt_adjust at 0x000000000B4598B8> , 结束时间为2021-06-06 21:06:39 , 执行时长为0.000000 s
2021-06-06 21:40:39,491--自动化推送报表--INFO--开始任务<function Cut_Excel.save_png at 0x000000000B69BAF8> , 开始时间为2021-06-06 21:06:39
2021-06-06 21:40:42,512--自动化推送报表--INFO--结束任务<function Cut_Excel.save_png at 0x000000000B69BAF8> , 结束时间为2021-06-06 21:06:42 , 执行时长为3.000000 s
2021-06-06 21:40:42,513--自动化推送报表--INFO--开始任务<function Send_Mail.Sendmail at 0x000000000B862288> , 开始时间为2021-06-06 21:06:42
2021-06-06 21:40:43,338--自动化推送报表--INFO--结束任务<function Send_Mail.Sendmail at 0x000000000B862288> , 结束时间为2021-06-06 21:06:43 , 执行时长为1.000000 s
