2021-06-08 11:00:12,187--自动化推送报表--INFO--开始任务<function Data_deal.data_extract at 0x000000000B44E948> , 开始时间为2021-06-08 11:00:12
2021-06-08 11:00:32,394--自动化推送报表--INFO--结束任务<function Data_deal.data_extract at 0x000000000B44E948> , 结束时间为2021-06-08 11:00:32 , 执行时长为20.000000 s
2021-06-08 11:00:32,394--自动化推送报表--INFO--开始任务<function Data_deal.data_handle at 0x000000000B446B88> , 开始时间为2021-06-08 11:00:32
2021-06-08 11:01:33,553--自动化推送报表--INFO--结束任务<function Data_deal.data_handle at 0x000000000B446B88> , 结束时间为2021-06-08 11:01:33 , 执行时长为61.000000 s
2021-06-08 11:01:33,553--自动化推送报表--INFO--开始任务<function Format_Adjust.fmt_adjust at 0x000000000B457F78> , 开始时间为2021-06-08 11:01:33
2021-06-08 11:01:33,707--自动化推送报表--INFO--结束任务<function Format_Adjust.fmt_adjust at 0x000000000B457F78> , 结束时间为2021-06-08 11:01:33 , 执行时长为0.000000 s
2021-06-08 11:01:33,707--自动化推送报表--INFO--开始任务<function Cut_Excel.save_png at 0x000000000B539CA8> , 开始时间为2021-06-08 11:01:33
2021-06-08 11:01:34,806--自动化推送报表--INFO--结束任务<function Cut_Excel.save_png at 0x000000000B539CA8> , 结束时间为2021-06-08 11:01:34 , 执行时长为1.000000 s
2021-06-08 11:01:34,806--自动化推送报表--INFO--开始任务<function Send_Mail.Sendmail at 0x000000000B85B438> , 开始时间为2021-06-08 11:01:34
2021-06-08 11:01:35,592--自动化推送报表--INFO--结束任务<function Send_Mail.Sendmail at 0x000000000B85B438> , 结束时间为2021-06-08 11:01:35 , 执行时长为1.000000 s
2021-06-08 11:05:12,190--自动化推送报表--INFO--开始任务<function Data_deal.data_extract at 0x000000000B44E948> , 开始时间为2021-06-08 11:05:12
2021-06-08 11:05:31,075--自动化推送报表--INFO--结束任务<function Data_deal.data_extract at 0x000000000B44E948> , 结束时间为2021-06-08 11:05:31 , 执行时长为19.000000 s
2021-06-08 11:05:31,075--自动化推送报表--INFO--开始任务<function Data_deal.data_handle at 0x000000000B446B88> , 开始时间为2021-06-08 11:05:31
2021-06-08 11:06:31,606--自动化推送报表--INFO--结束任务<function Data_deal.data_handle at 0x000000000B446B88> , 结束时间为2021-06-08 11:06:31 , 执行时长为60.000000 s
2021-06-08 11:06:31,606--自动化推送报表--INFO--开始任务<function Format_Adjust.fmt_adjust at 0x000000000B457F78> , 开始时间为2021-06-08 11:06:31
2021-06-08 11:06:31,671--自动化推送报表--INFO--结束任务<function Format_Adjust.fmt_adjust at 0x000000000B457F78> , 结束时间为2021-06-08 11:06:31 , 执行时长为0.000000 s
2021-06-08 11:06:31,671--自动化推送报表--INFO--开始任务<function Cut_Excel.save_png at 0x000000000B539CA8> , 开始时间为2021-06-08 11:06:31
2021-06-08 11:06:34,355--自动化推送报表--INFO--结束任务<function Cut_Excel.save_png at 0x000000000B539CA8> , 结束时间为2021-06-08 11:06:34 , 执行时长为3.000000 s
2021-06-08 11:06:34,355--自动化推送报表--INFO--开始任务<function Send_Mail.Sendmail at 0x000000000B85B438> , 开始时间为2021-06-08 11:06:34
2021-06-08 11:06:35,098--自动化推送报表--INFO--结束任务<function Send_Mail.Sendmail at 0x000000000B85B438> , 结束时间为2021-06-08 11:06:35 , 执行时长为1.000000 s
