2021-06-07 21:49:12,888--自动化推送报表--ERROR--数据库连不上，请检查数据库连接
2021-06-07 21:54:12,860--自动化推送报表--ERROR--数据库连不上，请检查数据库连接
2021-06-07 22:19:13,966--自动化推送报表--ERROR--数据库连不上，请检查数据库连接
2021-06-07 22:24:13,939--自动化推送报表--ERROR--数据库连不上，请检查数据库连接
2021-06-07 22:29:13,929--自动化推送报表--ERROR--数据库连不上，请检查数据库连接
2021-06-07 22:34:13,935--自动化推送报表--ERROR--数据库连不上，请检查数据库连接
2021-06-07 22:39:13,924--自动化推送报表--ERROR--数据库连不上，请检查数据库连接
2021-06-07 22:44:13,930--自动化推送报表--ERROR--数据库连不上，请检查数据库连接
2021-06-07 22:49:13,937--自动化推送报表--ERROR--数据库连不上，请检查数据库连接
2021-06-07 22:54:13,926--自动化推送报表--ERROR--数据库连不上，请检查数据库连接
2021-06-07 22:58:14,011--自动化推送报表--INFO--开始任务<function Data_deal.data_extract at 0x000000000B44E948> , 开始时间为2021-06-07 22:58:14
2021-06-07 22:58:35,671--自动化推送报表--INFO--结束任务<function Data_deal.data_extract at 0x000000000B44E948> , 结束时间为2021-06-07 22:58:35 , 执行时长为21.000000 s
2021-06-07 22:58:35,671--自动化推送报表--INFO--开始任务<function Data_deal.data_handle at 0x000000000B446B88> , 开始时间为2021-06-07 22:58:35
2021-06-07 22:59:35,248--自动化推送报表--INFO--结束任务<function Data_deal.data_handle at 0x000000000B446B88> , 结束时间为2021-06-07 22:59:35 , 执行时长为60.000000 s
2021-06-07 22:59:35,249--自动化推送报表--INFO--开始任务<function Format_Adjust.fmt_adjust at 0x000000000B456F78> , 开始时间为2021-06-07 22:59:35
2021-06-07 22:59:35,417--自动化推送报表--INFO--结束任务<function Format_Adjust.fmt_adjust at 0x000000000B456F78> , 结束时间为2021-06-07 22:59:35 , 执行时长为0.000000 s
2021-06-07 22:59:35,417--自动化推送报表--INFO--开始任务<function Cut_Excel.save_png at 0x000000000B619CA8> , 开始时间为2021-06-07 22:59:35
2021-06-07 22:59:37,791--自动化推送报表--INFO--结束任务<function Cut_Excel.save_png at 0x000000000B619CA8> , 结束时间为2021-06-07 22:59:37 , 执行时长为2.000000 s
2021-06-07 22:59:37,792--自动化推送报表--INFO--开始任务<function Send_Mail.Sendmail at 0x000000000B85A438> , 开始时间为2021-06-07 22:59:37
2021-06-07 22:59:38,676--自动化推送报表--INFO--结束任务<function Send_Mail.Sendmail at 0x000000000B85A438> , 结束时间为2021-06-07 22:59:38 , 执行时长为1.000000 s
2021-06-07 23:03:13,973--自动化推送报表--INFO--开始任务<function Data_deal.data_extract at 0x000000000B44E948> , 开始时间为2021-06-07 23:03:13
2021-06-07 23:03:33,121--自动化推送报表--INFO--结束任务<function Data_deal.data_extract at 0x000000000B44E948> , 结束时间为2021-06-07 23:03:33 , 执行时长为20.000000 s
2021-06-07 23:03:33,121--自动化推送报表--INFO--开始任务<function Data_deal.data_handle at 0x000000000B446B88> , 开始时间为2021-06-07 23:03:33
2021-06-07 23:04:32,404--自动化推送报表--INFO--结束任务<function Data_deal.data_handle at 0x000000000B446B88> , 结束时间为2021-06-07 23:04:32 , 执行时长为59.000000 s
2021-06-07 23:04:32,406--自动化推送报表--INFO--开始任务<function Format_Adjust.fmt_adjust at 0x000000000B456F78> , 开始时间为2021-06-07 23:04:32
2021-06-07 23:04:32,473--自动化推送报表--INFO--结束任务<function Format_Adjust.fmt_adjust at 0x000000000B456F78> , 结束时间为2021-06-07 23:04:32 , 执行时长为0.000000 s
2021-06-07 23:04:32,473--自动化推送报表--INFO--开始任务<function Cut_Excel.save_png at 0x000000000B619CA8> , 开始时间为2021-06-07 23:04:32
2021-06-07 23:04:35,380--自动化推送报表--INFO--结束任务<function Cut_Excel.save_png at 0x000000000B619CA8> , 结束时间为2021-06-07 23:04:35 , 执行时长为3.000000 s
2021-06-07 23:04:35,381--自动化推送报表--INFO--开始任务<function Send_Mail.Sendmail at 0x000000000B85A438> , 开始时间为2021-06-07 23:04:35
2021-06-07 23:04:36,131--自动化推送报表--INFO--结束任务<function Send_Mail.Sendmail at 0x000000000B85A438> , 结束时间为2021-06-07 23:04:36 , 执行时长为1.000000 s
